<?xml version="1.0" encoding="UTF-8"?>
<!-- Generated by org.testng.reporters.JUnitReportReporter -->
<testsuite hostname="Stig-laptop" failures="0" tests="1" name="test_script.ManageContacts_test" time="9.327" errors="0" timestamp="2025-03-18T11:19:02 IST" skipped="0">
  <testcase classname="test_script.ManageContacts_test" name="manageContact" time="9.327"/>
  <system-out/>
</testsuite> <!-- test_script.ManageContacts_test -->
