<?xml version="1.0" encoding="UTF-8"?>
<!-- Generated by org.testng.reporters.JUnitReportReporter -->
<testsuite hostname="Stig-laptop" failures="0" tests="1" name="test_script.ManageNews_test" time="8.454" errors="0" timestamp="2025-03-18T11:19:02 IST" skipped="0">
  <testcase classname="test_script.ManageNews_test" name="login" time="8.454"/>
  <system-out/>
</testsuite> <!-- test_script.ManageNews_test -->
