<?xml version="1.0" encoding="UTF-8"?>
<!-- Generated by org.testng.reporters.JUnitReportReporter -->
<testsuite hostname="Stig-laptop" failures="0" tests="1" name="test_script.BMW_mottarad" time="7.785" errors="0" timestamp="2025-03-05T10:02:56 IST" skipped="0">
  <testcase classname="test_script.BMW_mottarad" name="scroll_select" time="7.785"/>
  <system-out/>
</testsuite> <!-- test_script.BMW_mottarad -->
